  wallData.cpp
  wall.cpp
  ui_win_player2.cpp
  ui_win_player1.cpp
  ui_title.cpp
  ui.cpp
  title.cpp
  ui_start.cpp
  ui_draw.cpp
  sound.cpp
  scene3d.cpp
  scene2d.cpp
  scene.cpp
  renderer.cpp
  playerData.cpp
  player.cpp
  mouse.cpp
  model.cpp
  mode.cpp
  manager.cpp
  コードを生成中...
  コンパイル中...
  main.cpp
  light.cpp
  keyboard.cpp
  joystick.cpp
  input.cpp
  game.cpp
  floorData.cpp
  floor.cpp
  fade.cpp
  effect_wall_hit.cpp
  effect_explosion_bullet.cpp
  effect_explosion_player.cpp
  effect.cpp
  collision.cpp
  character.cpp
  camera.cpp
  bulletData.cpp
  bullet.cpp
  blockData.cpp
  block.cpp
  コードを生成中...
  コンパイル中...
  billboard.cpp
  animation.cpp
  コードを生成中...
animation.obj : error LNK2019: 未解決の外部シンボル D3DXMatrixMultiply が関数 "public: virtual void __cdecl CAnimation::Draw(void)" (?Draw@CAnimation@@UEAAXXZ) で参照されました。
billboard.obj : error LNK2001: 外部シンボル "D3DXMatrixMultiply" は未解決です。
model.obj : error LNK2001: 外部シンボル "D3DXMatrixMultiply" は未解決です。
scene3d.obj : error LNK2001: 外部シンボル "D3DXMatrixMultiply" は未解決です。
animation.obj : error LNK2019: 未解決の外部シンボル D3DXMatrixInverse が関数 "public: virtual void __cdecl CAnimation::Draw(void)" (?Draw@CAnimation@@UEAAXXZ) で参照されました。
billboard.obj : error LNK2001: 外部シンボル "D3DXMatrixInverse" は未解決です。
animation.obj : error LNK2019: 未解決の外部シンボル D3DXMatrixTranslation が関数 "public: virtual void __cdecl CAnimation::Draw(void)" (?Draw@CAnimation@@UEAAXXZ) で参照されました。
billboard.obj : error LNK2001: 外部シンボル "D3DXMatrixTranslation" は未解決です。
model.obj : error LNK2001: 外部シンボル "D3DXMatrixTranslation" は未解決です。
scene3d.obj : error LNK2001: 外部シンボル "D3DXMatrixTranslation" は未解決です。
animation.obj : error LNK2019: 未解決の外部シンボル D3DXMatrixRotationYawPitchRoll が関数 "public: virtual void __cdecl CAnimation::Draw(void)" (?Draw@CAnimation@@UEAAXXZ) で参照されました。
billboard.obj : error LNK2001: 外部シンボル "D3DXMatrixRotationYawPitchRoll" は未解決です。
model.obj : error LNK2001: 外部シンボル "D3DXMatrixRotationYawPitchRoll" は未解決です。
scene3d.obj : error LNK2001: 外部シンボル "D3DXMatrixRotationYawPitchRoll" は未解決です。
billboard.obj : error LNK2019: 未解決の外部シンボル D3DXCreateTextureFromFileA が関数 "public: static long __cdecl CBillboard::Load(void)" (?Load@CBillboard@@SAJXZ) で参照されました。
effect.obj : error LNK2001: 外部シンボル "D3DXCreateTextureFromFileA" は未解決です。
floor.obj : error LNK2001: 外部シンボル "D3DXCreateTextureFromFileA" は未解決です。
ui.obj : error LNK2001: 外部シンボル "D3DXCreateTextureFromFileA" は未解決です。
block.obj : error LNK2019: 未解決の外部シンボル D3DXLoadMeshFromXA が関数 "public: static void __cdecl CBlock::Load(void)" (?Load@CBlock@@SAXXZ) で参照されました。
bullet.obj : error LNK2001: 外部シンボル "D3DXLoadMeshFromXA" は未解決です。
player.obj : error LNK2001: 外部シンボル "D3DXLoadMeshFromXA" は未解決です。
wall.obj : error LNK2001: 外部シンボル "D3DXLoadMeshFromXA" は未解決です。
bullet.obj : error LNK2019: 未解決の外部シンボル D3DXVec3Normalize が関数 "public: struct D3DXVECTOR3 __cdecl CBullet::ReflectVector(struct D3DXVECTOR3 const &,struct D3DXVECTOR3 const &)" (?ReflectVector@CBullet@@QEAA?AUD3DXVECTOR3@@AEBU2@0@Z) で参照されました。
collision.obj : error LNK2001: 外部シンボル "D3DXVec3Normalize" は未解決です。
light.obj : error LNK2001: 外部シンボル "D3DXVec3Normalize" は未解決です。
camera.obj : error LNK2019: 未解決の外部シンボル D3DXMatrixLookAtLH が関数 "public: void __cdecl CCamera::SetCamera(void)" (?SetCamera@CCamera@@QEAAXXZ) で参照されました。
camera.obj : error LNK2019: 未解決の外部シンボル D3DXMatrixPerspectiveFovLH が関数 "public: void __cdecl CCamera::SetCamera(void)" (?SetCamera@CCamera@@QEAAXXZ) で参照されました。
collision.obj : error LNK2019: 未解決の外部シンボル D3DXCreatePolygon が関数 "public: static void __cdecl CCollision::Load(void)" (?Load@CCollision@@SAXXZ) で参照されました。
collision.obj : error LNK2019: 未解決の外部シンボル D3DXCreateBox が関数 "public: static void __cdecl CCollision::Load(void)" (?Load@CCollision@@SAXXZ) で参照されました。
collision.obj : error LNK2019: 未解決の外部シンボル D3DXCreateCylinder が関数 "public: static void __cdecl CCollision::Load(void)" (?Load@CCollision@@SAXXZ) で参照されました。
collision.obj : error LNK2019: 未解決の外部シンボル D3DXCreateSphere が関数 "public: static void __cdecl CCollision::Load(void)" (?Load@CCollision@@SAXXZ) で参照されました。
input.obj : error LNK2019: 未解決の外部シンボル DirectInput8Create が関数 "public: virtual long __cdecl CInput::Init(struct HINSTANCE__ *,struct HWND__ *)" (?Init@CInput@@UEAAJPEAUHINSTANCE__@@PEAUHWND__@@@Z) で参照されました。
mouse.obj : error LNK2001: 外部シンボル "DirectInput8Create" は未解決です。
input.obj : error LNK2001: 外部シンボル "IID_IDirectInput8A" は未解決です。
mouse.obj : error LNK2001: 外部シンボル "IID_IDirectInput8A" は未解決です。
joystick.obj : error LNK2001: 外部シンボル "c_dfDIJoystick" は未解決です。
keyboard.obj : error LNK2001: 外部シンボル "GUID_SysKeyboard" は未解決です。
keyboard.obj : error LNK2001: 外部シンボル "c_dfDIKeyboard" は未解決です。
model.obj : error LNK2019: 未解決の外部シンボル D3DXMatrixScaling が関数 "public: virtual void __cdecl CModel::Draw(void)" (?Draw@CModel@@UEAAXXZ) で参照されました。
mouse.obj : error LNK2001: 外部シンボル "GUID_SysMouse" は未解決です。
mouse.obj : error LNK2001: 外部シンボル "c_dfDIMouse2" は未解決です。
renderer.obj : error LNK2019: 未解決の外部シンボル Direct3DCreate9 が関数 "public: long __cdecl CRenderer::Init(struct HWND__ *,bool)" (?Init@CRenderer@@QEAAJPEAUHWND__@@_N@Z) で参照されました。
renderer.obj : error LNK2019: 未解決の外部シンボル D3DXCreateFontA が関数 "public: long __cdecl CRenderer::Init(struct HWND__ *,bool)" (?Init@CRenderer@@QEAAJPEAUHWND__@@_N@Z) で参照されました。
C:\Program Files (x86)\Microsoft DirectX SDK (June 2010)\Lib\x86\d3d9.lib : warning LNK4272: ライブラリのコンピューターの種類 'X86' がターゲットのコンピューターの種類' x64' と競合しています
C:\Program Files (x86)\Microsoft DirectX SDK (June 2010)\Lib\x86\d3dx9.lib : warning LNK4272: ライブラリのコンピューターの種類 'X86' がターゲットのコンピューターの種類' x64' と競合しています
C:\Program Files (x86)\Microsoft DirectX SDK (June 2010)\Lib\x86\dinput8.lib : warning LNK4272: ライブラリのコンピューターの種類 'X86' がターゲットのコンピューターの種類' x64' と競合しています
C:\Program Files (x86)\Microsoft DirectX SDK (June 2010)\Lib\x86\dxguid.lib : warning LNK4272: ライブラリのコンピューターの種類 'X86' がターゲットのコンピューターの種類' x64' と競合しています
C:\Users\GSP057\Desktop\3Dシューティング！\開発環境\x64\Debug\21_08_3DProject.exe : fatal error LNK1120: 23 件の未解決の外部参照
